[debug] [2019-03-10T08:12:04.282Z] ----------------------------------------------------------------------
[debug] [2019-03-10T08:12:04.285Z] Command:       C:\Program Files\nodejs\node.exe C:\Users\mgangavarapu\AppData\Roaming\npm\node_modules\firebase-tools\lib\bin\firebase.js deploy
[debug] [2019-03-10T08:12:04.285Z] CLI Version:   6.4.0
[debug] [2019-03-10T08:12:04.285Z] Platform:      win32
[debug] [2019-03-10T08:12:04.285Z] Node Version:  v8.11.1
[debug] [2019-03-10T08:12:04.286Z] Time:          Sun Mar 10 2019 13:42:04 GMT+0530 (India Standard Time)
[debug] [2019-03-10T08:12:04.286Z] ----------------------------------------------------------------------
[debug] 
[debug] [2019-03-10T08:12:04.297Z] > command requires scopes: ["email","openid","https://www.googleapis.com/auth/cloudplatformprojects.readonly","https://www.googleapis.com/auth/firebase","https://www.googleapis.com/auth/cloud-platform"]
[debug] [2019-03-10T08:12:04.297Z] > authorizing via signed-in user
[debug] [2019-03-10T08:12:04.298Z] [iam] checking project netninja-react-redux-fir-84f98 for permissions ["cloudfunctions.functions.create","cloudfunctions.functions.delete","cloudfunctions.functions.get","cloudfunctions.functions.list","cloudfunctions.functions.update","cloudfunctions.operations.get","firebase.projects.get","firebasehosting.sites.update"]
[debug] [2019-03-10T08:12:04.299Z] > refreshing access token with scopes: ["email","https://www.googleapis.com/auth/cloud-platform","https://www.googleapis.com/auth/cloudplatformprojects.readonly","https://www.googleapis.com/auth/firebase","openid"]
[debug] [2019-03-10T08:12:04.300Z] >>> HTTP REQUEST POST https://www.googleapis.com/oauth2/v3/token  
 <request body omitted>
[debug] [2019-03-10T08:12:07.747Z] <<< HTTP RESPONSE 200
[debug] [2019-03-10T08:12:07.762Z] >>> HTTP REQUEST POST https://cloudresourcemanager.googleapis.com/v1/projects/netninja-react-redux-fir-84f98:testIamPermissions  

[debug] [2019-03-10T08:12:11.749Z] <<< HTTP RESPONSE 200
[debug] [2019-03-10T08:12:11.750Z] >>> HTTP REQUEST GET https://firebase.googleapis.com/v1beta1/projects/netninja-react-redux-fir-84f98  
 
[debug] [2019-03-10T08:12:12.645Z] <<< HTTP RESPONSE 200
[info] 
[info] === Deploying to 'netninja-react-redux-fir-84f98'...
[info] 
[info] i  deploying functions, hosting
[debug] [2019-03-10T08:12:22.116Z] > [functions] package.json contents: {
  "name": "functions",
  "description": "Cloud Functions for Firebase",
  "scripts": {
    "serve": "firebase serve --only functions",
    "shell": "firebase functions:shell",
    "start": "npm run shell",
    "deploy": "firebase deploy --only functions",
    "logs": "firebase functions:log"
  },
  "dependencies": {
    "firebase-admin": "~7.0.0",
    "firebase-functions": "^2.2.0"
  },
  "private": true
}
[info] i  functions: ensuring necessary APIs are enabled...
[debug] [2019-03-10T08:12:22.119Z] >>> HTTP REQUEST GET https://servicemanagement.googleapis.com/v1/services/cloudfunctions.googleapis.com/projectSettings/netninja-react-redux-fir-84f98?view=CONSUMER_VIEW  
 
[debug] [2019-03-10T08:12:22.121Z] >>> HTTP REQUEST GET https://servicemanagement.googleapis.com/v1/services/runtimeconfig.googleapis.com/projectSettings/netninja-react-redux-fir-84f98?view=CONSUMER_VIEW  
 
[debug] [2019-03-10T08:12:36.411Z] Error: socket hang up
    at TLSSocket.onHangUp (_tls_wrap.js:1137:19)
    at Object.onceWrapper (events.js:313:30)
    at emitNone (events.js:111:20)
    at TLSSocket.emit (events.js:208:7)
    at endReadableNT (_stream_readable.js:1064:12)
    at _combinedTickCallback (internal/process/next_tick.js:138:11)
    at process._tickDomainCallback (internal/process/next_tick.js:218:9)
[error] 
[error] Error: Server Error. socket hang up
[debug] [2019-03-10T08:13:31.084Z] ----------------------------------------------------------------------
[debug] [2019-03-10T08:13:31.086Z] Command:       C:\Program Files\nodejs\node.exe C:\Users\mgangavarapu\AppData\Roaming\npm\node_modules\firebase-tools\lib\bin\firebase.js deploy
[debug] [2019-03-10T08:13:31.087Z] CLI Version:   6.4.0
[debug] [2019-03-10T08:13:31.087Z] Platform:      win32
[debug] [2019-03-10T08:13:31.087Z] Node Version:  v8.11.1
[debug] [2019-03-10T08:13:31.088Z] Time:          Sun Mar 10 2019 13:43:31 GMT+0530 (India Standard Time)
[debug] [2019-03-10T08:13:31.088Z] ----------------------------------------------------------------------
[debug] 
[debug] [2019-03-10T08:13:31.100Z] > command requires scopes: ["email","openid","https://www.googleapis.com/auth/cloudplatformprojects.readonly","https://www.googleapis.com/auth/firebase","https://www.googleapis.com/auth/cloud-platform"]
[debug] [2019-03-10T08:13:31.101Z] > authorizing via signed-in user
[debug] [2019-03-10T08:13:31.101Z] [iam] checking project netninja-react-redux-fir-84f98 for permissions ["cloudfunctions.functions.create","cloudfunctions.functions.delete","cloudfunctions.functions.get","cloudfunctions.functions.list","cloudfunctions.functions.update","cloudfunctions.operations.get","firebase.projects.get","firebasehosting.sites.update"]
[debug] [2019-03-10T08:13:31.103Z] >>> HTTP REQUEST POST https://cloudresourcemanager.googleapis.com/v1/projects/netninja-react-redux-fir-84f98:testIamPermissions  

[debug] [2019-03-10T08:13:33.374Z] <<< HTTP RESPONSE 200
[debug] [2019-03-10T08:13:33.377Z] >>> HTTP REQUEST GET https://firebase.googleapis.com/v1beta1/projects/netninja-react-redux-fir-84f98  
 
[debug] [2019-03-10T08:13:34.107Z] <<< HTTP RESPONSE 200
[info] 
[info] === Deploying to 'netninja-react-redux-fir-84f98'...
[info] 
[info] i  deploying functions, hosting
[debug] [2019-03-10T08:13:43.367Z] > [functions] package.json contents: {
  "name": "functions",
  "description": "Cloud Functions for Firebase",
  "scripts": {
    "serve": "firebase serve --only functions",
    "shell": "firebase functions:shell",
    "start": "npm run shell",
    "deploy": "firebase deploy --only functions",
    "logs": "firebase functions:log"
  },
  "dependencies": {
    "firebase-admin": "~7.0.0",
    "firebase-functions": "^2.2.0"
  },
  "private": true
}
[info] i  functions: ensuring necessary APIs are enabled...
[debug] [2019-03-10T08:13:43.370Z] >>> HTTP REQUEST GET https://servicemanagement.googleapis.com/v1/services/cloudfunctions.googleapis.com/projectSettings/netninja-react-redux-fir-84f98?view=CONSUMER_VIEW  
 
[debug] [2019-03-10T08:13:43.371Z] >>> HTTP REQUEST GET https://servicemanagement.googleapis.com/v1/services/runtimeconfig.googleapis.com/projectSettings/netninja-react-redux-fir-84f98?view=CONSUMER_VIEW  
 
[debug] [2019-03-10T08:13:49.049Z] <<< HTTP RESPONSE 200
[info] +  functions: all necessary APIs are enabled
[debug] [2019-03-10T08:13:49.519Z] <<< HTTP RESPONSE 200
[debug] [2019-03-10T08:13:49.520Z] >>> HTTP REQUEST GET https://cloudresourcemanager.googleapis.com/v1/projects/netninja-react-redux-fir-84f98  
 
[debug] [2019-03-10T08:13:55.650Z] <<< HTTP RESPONSE 200
[debug] [2019-03-10T08:13:55.650Z] >>> HTTP REQUEST GET https://mobilesdk-pa.googleapis.com/v1/projects/60463537235:getServerAppConfig  
 
[debug] [2019-03-10T08:14:03.818Z] <<< HTTP RESPONSE 200
[debug] [2019-03-10T08:14:03.821Z] >>> HTTP REQUEST POST https://firebasehosting.googleapis.com/v1beta1/sites/netninja-react-redux-fir-84f98/versions  

[debug] [2019-03-10T08:14:13.149Z] <<< HTTP RESPONSE 200
[info] i  functions: preparing functions directory for uploading...
[debug] [2019-03-10T08:14:13.161Z] >>> HTTP REQUEST GET https://runtimeconfig.googleapis.com/v1beta1/projects/netninja-react-redux-fir-84f98/configs  
 
[debug] [2019-03-10T08:14:15.133Z] <<< HTTP RESPONSE 200
[info] i  functions: packaged functions (30.12 KB) for uploading
[debug] [2019-03-10T08:14:15.905Z] >>> HTTP REQUEST POST https://cloudfunctions.googleapis.com/v1/projects/netninja-react-redux-fir-84f98/locations/us-central1/functions:generateUploadUrl  
 
[debug] [2019-03-10T08:14:17.060Z] <<< HTTP RESPONSE 200
[debug] [2019-03-10T08:14:17.062Z] >>> HTTP REQUEST PUT https://storage.googleapis.com/gcf-upload-us-central1-90f40bb4-37dc-4921-8076-1e5ea450fca7/eadb3083-963d-41f6-a39c-5b91bde55440.zip?GoogleAccessId=service-60463537235@gcf-admin-robot.iam.gserviceaccount.com&Expires=1552207456&Signature=g5eezycqetVhvlrjDlvDwkrUykq90T6ByOuD3sJnpmhc8bgksne9vS%2BoyjdgAug20OQ5%2B75DKCeD4YO%2BWqFUMkLHxdnPUJ%2BKNrjurfCUKw%2FVhPr4LHdrS%2FwaTCF9JYqVYChV7%2BEF3FCvyYKcWP30cMrpeSVndgJb6IcbdJ2i3KjNR4HT69rYEH2tKIrnu%2F1SSrctNd8DcGU2EL%2B%2BFA5YUmWdAhjNH%2Fv3rxNhNJ%2B3hXp8aP40QCAS2SqnNIQnhW5r6IXVjhrMyCgwZsVzZK%2BRZ6xLhF6IkVJunbCfF1RQpbL39TvCpvwd428MbLxTPndIB5HtqpeMMaVWMbhiJLQpCw%3D%3D  

[debug] [2019-03-10T08:14:22.045Z] <<< HTTP RESPONSE 200
[info] +  functions: functions folder uploaded successfully
[info] i  hosting[netninja-react-redux-fir-84f98]: beginning deploy...
[info] i  hosting[netninja-react-redux-fir-84f98]: found 15 files in dist
[debug] [2019-03-10T08:14:22.066Z] [hosting] hash cache [ZGlzdA] not populated
[debug] [2019-03-10T08:14:22.917Z] [hosting] hash cache [ZGlzdA] stored for 15 files
[debug] [2019-03-10T08:14:22.917Z] [hosting][hash queue][FINAL]
[debug] [2019-03-10T08:14:22.917Z] >>> HTTP REQUEST POST https://firebasehosting.googleapis.com/v1beta1/sites/netninja-react-redux-fir-84f98/versions/8ed81f80b02ce316:populateFiles  
 <request body omitted>
